<?xml version="1.0" encoding="UTF-8"?>
<!-- Generated by org.testng.reporters.JUnitReportReporter -->
<testsuite hostname="LAPTOP-UVV1J0GL" failures="0" tests="1" name="TestRunner.TestRunner" time="21.624" errors="0" timestamp="2022-02-02T23:50:54 EST" skipped="0">
  <testcase classname="TestRunner.TestRunner" name="feature" time="21.624"/>
  <system-out/>
</testsuite> <!-- TestRunner.TestRunner -->
